<?xml version="1.0" encoding="UTF-8"?>
<!-- Generated by org.testng.reporters.JUnitReportReporter -->
<testsuite skipped="1" hostname="DESKTOP-D36JS0L" name="com.mercuryTravels.testDateOfReturnFiledVisibility" tests="2" failures="0" timestamp="13 Sep 2018 15:45:54 GMT" time="17.997" errors="0">
  <testcase name="verifyDefaultSelectedTrip" time="17.997" classname="com.mercuryTravels.testDateOfReturnFiledVisibility"/>
  <testcase name="verifyDateOfReturnFiledVisibility" classname="com.mercuryTravels.testDateOfReturnFiledVisibility">
    <skipped/>
  </testcase> <!-- verifyDateOfReturnFiledVisibility -->
</testsuite> <!-- com.mercuryTravels.testDateOfReturnFiledVisibility -->
