<?xml version="1.0" encoding="UTF-8"?>
<!-- Generated by org.testng.reporters.JUnitReportReporter -->
<testsuite skipped="0" hostname="DESKTOP-D36JS0L" name="testNGDemo.TestingClass" tests="3" failures="0" timestamp="23 Jul 2018 06:52:42 GMT" time="0.023" errors="0">
  <testcase name="tc4" time="0.022" classname="testNGDemo.TestingClass"/>
  <testcase name="tc5" time="0.001" classname="testNGDemo.TestingClass"/>
  <testcase name="tc6" time="0.000" classname="testNGDemo.TestingClass"/>
</testsuite> <!-- testNGDemo.TestingClass -->
