<?xml version="1.0" encoding="UTF-8"?>
<!-- Generated by org.testng.reporters.JUnitReportReporter -->
<testsuite skipped="1" hostname="DESKTOP-D36JS0L" name="testNGDemo.TestSkipDemo2" tests="1" failures="0" timestamp="12 Sep 2018 13:13:22 GMT" time="0.000" errors="0">
  <testcase name="testInAnotherClass" time="0.000" classname="testNGDemo.TestSkipDemo2">
    <skipped/>
  </testcase> <!-- testInAnotherClass -->
</testsuite> <!-- testNGDemo.TestSkipDemo2 -->
