<?xml version="1.0" encoding="UTF-8"?>
<!-- Generated by org.testng.reporters.JUnitReportReporter -->
<testsuite skipped="0" hostname="DESKTOP-D36JS0L" name="com.mercuryTravels.testDateOfReturnFiledVisibility" tests="2" failures="0" timestamp="15 Sep 2018 09:51:09 GMT" time="39.754" errors="0">
  <testcase name="verifyDefaultSelectedTrip" time="22.573" classname="com.mercuryTravels.testDateOfReturnFiledVisibility"/>
  <testcase name="verifyDateOfReturnFiledVisibility" time="17.181" classname="com.mercuryTravels.testDateOfReturnFiledVisibility"/>
</testsuite> <!-- com.mercuryTravels.testDateOfReturnFiledVisibility -->
