<?xml version="1.0" encoding="UTF-8"?>
<!-- Generated by org.testng.reporters.JUnitReportReporter -->
<testsuite skipped="0" hostname="DESKTOP-D36JS0L" name="com.mercuryTravels.testBranchAddress" tests="3" failures="0" timestamp="18 Aug 2018 15:39:01 GMT" time="81.729" errors="0">
  <testcase name="testBranchAddress" time="40.260" classname="com.mercuryTravels.testBranchAddress"/>
  <testcase name="testBranchAddress" time="22.381" classname="com.mercuryTravels.testBranchAddress"/>
  <testcase name="testBranchAddress" time="19.088" classname="com.mercuryTravels.testBranchAddress"/>
</testsuite> <!-- com.mercuryTravels.testBranchAddress -->
