<?xml version="1.0" encoding="UTF-8"?>
<!-- Generated by org.testng.reporters.JUnitReportReporter -->
<testsuite skipped="0" hostname="DESKTOP-3DMG0O6" name="com.mercuryTravels.Runner.DemoTestRunner" tests="1" failures="0" timestamp="06 Oct 2018 12:47:07 GMT" time="1.924" errors="0">
  <testcase name="feature" time="1.924" classname="com.mercuryTravels.Runner.DemoTestRunner"/>
</testsuite> <!-- com.mercuryTravels.Runner.DemoTestRunner -->
