<?xml version="1.0" encoding="UTF-8"?>
<!-- Generated by org.testng.reporters.JUnitReportReporter -->
<testsuite skipped="0" hostname="DESKTOP-D36JS0L" name="com.mercuryTravels.testBranchAddress" tests="3" failures="0" timestamp="19 Aug 2018 05:28:59 GMT" time="49.301" errors="0">
  <testcase name="testBranchAddress" time="14.857" classname="com.mercuryTravels.testBranchAddress"/>
  <testcase name="testBranchAddress" time="16.476" classname="com.mercuryTravels.testBranchAddress"/>
  <testcase name="testBranchAddress" time="17.968" classname="com.mercuryTravels.testBranchAddress"/>
</testsuite> <!-- com.mercuryTravels.testBranchAddress -->
