<?xml version="1.0" encoding="UTF-8"?>
<!-- Generated by org.testng.reporters.JUnitReportReporter -->
<testsuite skipped="0" hostname="DESKTOP-D36JS0L" name="com.mercuryTravels.testReadExcelData" tests="1" failures="0" timestamp="15 Aug 2018 06:06:46 GMT" time="0.899" errors="0">
  <testcase name="test_ReadFromExcel" time="0.899" classname="com.mercuryTravels.testReadExcelData"/>
</testsuite> <!-- com.mercuryTravels.testReadExcelData -->
