<?xml version="1.0" encoding="UTF-8"?>
<!-- Generated by org.testng.reporters.JUnitReportReporter -->
<testsuite skipped="0" hostname="DESKTOP-D36JS0L" name="com.mercuryTravels.testSearchResultTestNG" tests="1" failures="0" timestamp="11 Jul 2018 15:27:45 GMT" time="26.288" errors="0">
  <testcase name="testSearchHolidayPackage" time="26.288" classname="com.mercuryTravels.testSearchResultTestNG"/>
</testsuite> <!-- com.mercuryTravels.testSearchResultTestNG -->
