<?xml version="1.0" encoding="UTF-8"?>
<!-- Generated by org.testng.reporters.JUnitReportReporter -->
<testsuite skipped="0" hostname="DESKTOP-D36JS0L" name="com.mercuryTravels.Runner.TestRunner" tests="1" failures="0" timestamp="28 Aug 2018 05:18:38 GMT" time="68.479" errors="0">
  <testcase name="feature" time="68.479" classname="com.mercuryTravels.Runner.TestRunner"/>
</testsuite> <!-- com.mercuryTravels.Runner.TestRunner -->
