<?xml version="1.0" encoding="UTF-8"?>
<!-- Generated by org.testng.reporters.JUnitReportReporter -->
<testsuite skipped="0" hostname="DESKTOP-D36JS0L" name="com.mercuryTravels.testDateOfReturnFiledVisibility" tests="1" failures="0" timestamp="27 Jul 2018 16:01:22 GMT" time="35.187" errors="0">
  <testcase name="verifyDateOfReturnFiledVisibility" time="35.187" classname="com.mercuryTravels.testDateOfReturnFiledVisibility"/>
</testsuite> <!-- com.mercuryTravels.testDateOfReturnFiledVisibility -->
