<?xml version="1.0" encoding="UTF-8"?>
<!-- Generated by org.testng.reporters.JUnitReportReporter -->
<testsuite skipped="0" hostname="DESKTOP-D36JS0L" name="com.mercuryTravels.testSearchHotel" tests="1" failures="0" timestamp="16 Aug 2018 14:23:07 GMT" time="17.751" errors="0">
  <testcase name="testSearchHotel" time="17.751" classname="com.mercuryTravels.testSearchHotel"/>
</testsuite> <!-- com.mercuryTravels.testSearchHotel -->
