<?xml version="1.0" encoding="UTF-8"?>
<!-- Generated by org.testng.reporters.JUnitReportReporter -->
<testsuite skipped="0" hostname="DESKTOP-D36JS0L" name="TestUtilities.testGetTimeStamp" tests="1" failures="0" timestamp="13 Sep 2018 11:57:20 GMT" time="0.234" errors="0">
  <testcase name="testTimeStamp" time="0.234" classname="TestUtilities.testGetTimeStamp"/>
</testsuite> <!-- TestUtilities.testGetTimeStamp -->
