<?xml version="1.0" encoding="UTF-8"?>
<!-- Generated by org.testng.reporters.JUnitReportReporter -->
<testsuite skipped="0" hostname="DESKTOP-D36JS0L" name="com.mercuryTravels.testSearchHolidayPackage" tests="3" failures="0" timestamp="23 Jul 2018 06:37:33 GMT" time="65.432" errors="0">
  <testcase name="testSearchHolidayPackage" time="19.311" classname="com.mercuryTravels.testSearchHolidayPackage"/>
  <testcase name="testSearchHolidayPackage" time="26.178" classname="com.mercuryTravels.testSearchHolidayPackage"/>
  <testcase name="testSearchHolidayPackage" time="19.943" classname="com.mercuryTravels.testSearchHolidayPackage"/>
</testsuite> <!-- com.mercuryTravels.testSearchHolidayPackage -->
