<?xml version="1.0" encoding="UTF-8"?>
<!-- Generated by org.testng.reporters.JUnitReportReporter -->
<testsuite skipped="0" hostname="DESKTOP-D36JS0L" name="com.mercuryTravels.testBranchAddress" tests="1" failures="0" timestamp="17 Jul 2018 08:35:58 GMT" time="12.670" errors="0">
  <testcase name="testBranchAddress" time="12.670" classname="com.mercuryTravels.testBranchAddress"/>
</testsuite> <!-- com.mercuryTravels.testBranchAddress -->
