<?xml version="1.0" encoding="UTF-8"?>
<!-- Generated by org.testng.reporters.JUnitReportReporter -->
<testsuite skipped="0" hostname="DESKTOP-D36JS0L" name="com.mercuryTravels.testTollFreeNumber" tests="1" failures="0" timestamp="17 Jul 2018 06:45:54 GMT" time="18.126" errors="0">
  <testcase name="testTollFreeNumber" time="18.126" classname="com.mercuryTravels.testTollFreeNumber"/>
</testsuite> <!-- com.mercuryTravels.testTollFreeNumber -->
