<?xml version="1.0" encoding="UTF-8"?>
<!-- Generated by org.testng.reporters.JUnitReportReporter -->
<testsuite skipped="0" hostname="DESKTOP-D36JS0L" name="com.mercuryTravels.testBranchAddress" tests="3" failures="0" timestamp="15 Aug 2018 17:01:51 GMT" time="44.548" errors="0">
  <testcase name="testBranchAddress" time="14.192" classname="com.mercuryTravels.testBranchAddress"/>
  <testcase name="testBranchAddress" time="17.553" classname="com.mercuryTravels.testBranchAddress"/>
  <testcase name="testBranchAddress" time="12.803" classname="com.mercuryTravels.testBranchAddress"/>
</testsuite> <!-- com.mercuryTravels.testBranchAddress -->
