<?xml version="1.0" encoding="UTF-8"?>
<!-- Generated by org.testng.reporters.JUnitReportReporter -->
<testsuite skipped="0" hostname="DESKTOP-D36JS0L" name="com.mercuryTravels.Runner.DemoTestRunner" tests="1" failures="0" timestamp="30 Sep 2018 15:36:05 GMT" time="0.449" errors="0">
  <testcase name="feature" time="0.449" classname="com.mercuryTravels.Runner.DemoTestRunner"/>
</testsuite> <!-- com.mercuryTravels.Runner.DemoTestRunner -->
