<?xml version="1.0" encoding="UTF-8"?>
<!-- Generated by org.testng.reporters.JUnitReportReporter -->
<testsuite skipped="0" hostname="DESKTOP-D36JS0L" name="com.mercuryTravels.testSearchHotel" tests="1" failures="0" timestamp="22 Jul 2018 17:16:03 GMT" time="25.892" errors="0">
  <testcase name="testSearchHotel" time="25.892" classname="com.mercuryTravels.testSearchHotel"/>
</testsuite> <!-- com.mercuryTravels.testSearchHotel -->
