<?xml version="1.0" encoding="UTF-8"?>
<!-- Generated by org.testng.reporters.JUnitReportReporter -->
<testsuite skipped="0" hostname="DESKTOP-D36JS0L" name="testNGDemo.TestingClass2" tests="2" failures="0" timestamp="23 Jul 2018 06:52:42 GMT" time="0.002" errors="0">
  <testcase name="tc1" time="0.001" classname="testNGDemo.TestingClass2"/>
  <testcase name="tc2" time="0.001" classname="testNGDemo.TestingClass2"/>
</testsuite> <!-- testNGDemo.TestingClass2 -->
