<?xml version="1.0" encoding="UTF-8"?>
<!-- Generated by org.testng.reporters.JUnitReportReporter -->
<testsuite skipped="0" hostname="DESKTOP-3DMG0O6" name="com.mercuryTravels.testDateOfReturnFiledVisibility" tests="2" failures="0" timestamp="02 Oct 2018 18:46:38 GMT" time="72.142" errors="0">
  <testcase name="verifyDefaultSelectedTrip" time="35.659" classname="com.mercuryTravels.testDateOfReturnFiledVisibility"/>
  <testcase name="verifyDateOfReturnFiledVisibility" time="36.483" classname="com.mercuryTravels.testDateOfReturnFiledVisibility"/>
</testsuite> <!-- com.mercuryTravels.testDateOfReturnFiledVisibility -->
