<?xml version="1.0" encoding="UTF-8"?>
<!-- Generated by org.testng.reporters.JUnitReportReporter -->
<testsuite skipped="0" hostname="DESKTOP-3DMG0O6" name="com.mercuryTravels.testBranchAddress" tests="3" failures="0" timestamp="02 Oct 2018 18:46:38 GMT" time="89.336" errors="0">
  <testcase name="testBranchAddress" time="31.026" classname="com.mercuryTravels.testBranchAddress"/>
  <testcase name="testBranchAddress" time="28.524" classname="com.mercuryTravels.testBranchAddress"/>
  <testcase name="testBranchAddress" time="29.786" classname="com.mercuryTravels.testBranchAddress"/>
</testsuite> <!-- com.mercuryTravels.testBranchAddress -->
