<?xml version="1.0" encoding="UTF-8"?>
<!-- Generated by org.testng.reporters.JUnitReportReporter -->
<testsuite skipped="0" hostname="DESKTOP-D36JS0L" name="com.mercuryTravels.testBranchAddress" tests="3" failures="0" timestamp="28 Aug 2018 07:50:56 GMT" time="103.516" errors="0">
  <testcase name="testBranchAddress" time="52.068" classname="com.mercuryTravels.testBranchAddress"/>
  <testcase name="testBranchAddress" time="24.160" classname="com.mercuryTravels.testBranchAddress"/>
  <testcase name="testBranchAddress" time="27.288" classname="com.mercuryTravels.testBranchAddress"/>
</testsuite> <!-- com.mercuryTravels.testBranchAddress -->
