<?xml version="1.0" encoding="UTF-8"?>
<!-- Generated by org.testng.reporters.JUnitReportReporter -->
<testsuite skipped="0" hostname="DESKTOP-D36JS0L" name="com.mercuryTravels.testBranchAddress" tests="3" failures="0" timestamp="21 Sep 2018 09:28:45 GMT" time="48.367" errors="0">
  <testcase name="testBranchAddress" time="14.399" classname="com.mercuryTravels.testBranchAddress"/>
  <testcase name="testBranchAddress" time="16.800" classname="com.mercuryTravels.testBranchAddress"/>
  <testcase name="testBranchAddress" time="17.168" classname="com.mercuryTravels.testBranchAddress"/>
</testsuite> <!-- com.mercuryTravels.testBranchAddress -->
