<?xml version="1.0" encoding="UTF-8"?>
<!-- Generated by org.testng.reporters.JUnitReportReporter -->
<testsuite skipped="0" hostname="DESKTOP-D36JS0L" name="com.mercuryTravels.testBranchAddress" tests="3" failures="0" timestamp="28 Aug 2018 18:30:17 GMT" time="60.593" errors="0">
  <testcase name="testBranchAddress" time="17.237" classname="com.mercuryTravels.testBranchAddress"/>
  <testcase name="testBranchAddress" time="26.701" classname="com.mercuryTravels.testBranchAddress"/>
  <testcase name="testBranchAddress" time="16.655" classname="com.mercuryTravels.testBranchAddress"/>
</testsuite> <!-- com.mercuryTravels.testBranchAddress -->
