<?xml version="1.0" encoding="UTF-8"?>
<!-- Generated by org.testng.reporters.JUnitReportReporter -->
<testsuite skipped="1" hostname="DESKTOP-D36JS0L" name="com.mercuryTravels.testBranchAddress" tests="1" failures="0" timestamp="18 Aug 2018 15:53:58 GMT" time="0.000" errors="0">
  <testcase name="testBranchAddress" time="0.000" classname="com.mercuryTravels.testBranchAddress">
    <skipped/>
  </testcase> <!-- testBranchAddress -->
</testsuite> <!-- com.mercuryTravels.testBranchAddress -->
