<?xml version="1.0" encoding="UTF-8"?>
<!-- Generated by org.testng.reporters.JUnitReportReporter -->
<testsuite skipped="0" hostname="DESKTOP-D36JS0L" name="com.mercuryTravels.testDateOfReturnFiledVisibility" tests="2" failures="0" timestamp="21 Sep 2018 09:28:45 GMT" time="37.051" errors="0">
  <testcase name="verifyDefaultSelectedTrip" time="17.587" classname="com.mercuryTravels.testDateOfReturnFiledVisibility"/>
  <testcase name="verifyDateOfReturnFiledVisibility" time="19.464" classname="com.mercuryTravels.testDateOfReturnFiledVisibility"/>
</testsuite> <!-- com.mercuryTravels.testDateOfReturnFiledVisibility -->
