<?xml version="1.0" encoding="UTF-8"?>
<!-- Generated by org.testng.reporters.JUnitReportReporter -->
<testsuite skipped="0" hostname="DESKTOP-D36JS0L" name="com.mercuryTravels.testBranchAddress" tests="3" failures="0" timestamp="19 Aug 2018 05:34:04 GMT" time="56.322" errors="0">
  <testcase name="testBranchAddress" time="21.618" classname="com.mercuryTravels.testBranchAddress"/>
  <testcase name="testBranchAddress" time="14.881" classname="com.mercuryTravels.testBranchAddress"/>
  <testcase name="testBranchAddress" time="19.823" classname="com.mercuryTravels.testBranchAddress"/>
</testsuite> <!-- com.mercuryTravels.testBranchAddress -->
