<?xml version="1.0" encoding="UTF-8"?>
<!-- Generated by org.testng.reporters.JUnitReportReporter -->
<testsuite skipped="0" hostname="DESKTOP-D36JS0L" name="testNGDemo.TestingClass" tests="4" failures="0" timestamp="27 Jul 2018 16:15:19 GMT" time="0.015" errors="0">
  <testcase name="tc6" time="0.000" classname="testNGDemo.TestingClass"/>
  <testcase name="tc4" time="0.015" classname="testNGDemo.TestingClass"/>
  <testcase name="tc7" time="0.000" classname="testNGDemo.TestingClass"/>
  <testcase name="tc5" time="0.000" classname="testNGDemo.TestingClass"/>
</testsuite> <!-- testNGDemo.TestingClass -->
